\BOOKMARK [1][-]{section.1}{\376\377\000E\000x\000p\000e\000r\000i\000m\000e\000n\000t\000\040\000O\000b\000j\000e\000c\000t\000i\000v\000e\000s}{}% 1
\BOOKMARK [1][-]{section.2}{\376\377\000I\000n\000t\000r\000o\000d\000u\000c\000t\000i\000o\000n\000\040\000t\000o\000\040\000R\000C\000\040\000C\000i\000r\000c\000u\000i\000t\000s}{}% 2
\BOOKMARK [1][-]{section.3}{\376\377\000C\000i\000r\000c\000u\000i\000t\000\040\000D\000i\000a\000g\000r\000a\000m}{}% 3
\BOOKMARK [1][-]{section.4}{\376\377\000C\000o\000m\000p\000o\000n\000e\000n\000t\000s\000\040\000u\000s\000e\000d\000\040}{}% 4
\BOOKMARK [2][-]{subsection.4.1}{\376\377\000F\000u\000n\000c\000t\000i\000o\000n\000\040\000G\000e\000n\000e\000r\000a\000t\000o\000r}{section.4}% 5
\BOOKMARK [2][-]{subsection.4.2}{\376\377\000O\000s\000c\000i\000l\000l\000o\000s\000c\000o\000p\000e}{section.4}% 6
\BOOKMARK [2][-]{subsection.4.3}{\376\377\000R\000e\000s\000i\000s\000t\000o\000r}{section.4}% 7
\BOOKMARK [2][-]{subsection.4.4}{\376\377\000C\000a\000p\000a\000c\000i\000t\000o\000r}{section.4}% 8
\BOOKMARK [2][-]{subsection.4.5}{\376\377\000B\000r\000e\000a\000d\000b\000o\000a\000r\000d}{section.4}% 9
\BOOKMARK [1][-]{section.5}{\376\377\000C\000a\000s\000e\000\040\000I\000\040\000:\000\040\000R\000C\000=\000=\000T}{}% 10
\BOOKMARK [2][-]{subsection.5.1}{\376\377\000D\000i\000a\000g\000r\000a\000m}{section.5}% 11
\BOOKMARK [2][-]{subsection.5.2}{\376\377\000I\000n\000p\000u\000t\000\040\000s\000i\000g\000n\000a\000l}{section.5}% 12
\BOOKMARK [2][-]{subsection.5.3}{\376\377\000I\000n\000p\000u\000t\000\040\000p\000a\000r\000a\000m\000e\000t\000e\000r\000s}{section.5}% 13
\BOOKMARK [2][-]{subsection.5.4}{\376\377\000O\000b\000s\000e\000r\000v\000a\000t\000i\000o\000n\000s}{section.5}% 14
\BOOKMARK [3][-]{subsubsection.5.4.1}{\376\377\000C\000o\000n\000t\000i\000n\000u\000o\000u\000s\000\040\000W\000a\000v\000e\000f\000o\000r\000m}{subsection.5.4}% 15
\BOOKMARK [3][-]{subsubsection.5.4.2}{\376\377\000P\000l\000o\000t\000t\000i\000n\000g\000\040\000u\000s\000i\000n\000g\000\040\000L\000T\000s\000p\000i\000c\000e}{subsection.5.4}% 16
\BOOKMARK [3][-]{subsubsection.5.4.3}{\376\377\000V\000e\000r\000i\000f\000i\000c\000a\000t\000i\000o\000n\000\040\000u\000s\000i\000n\000g\000\040\000P\000y\000t\000h\000o\000n}{subsection.5.4}% 17
\BOOKMARK [3][-]{subsubsection.5.4.4}{\376\377\000S\000i\000n\000g\000l\000e\000\040\000W\000a\000v\000e\000f\000o\000r\000m}{subsection.5.4}% 18
\BOOKMARK [3][-]{subsubsection.5.4.5}{\376\377\000M\000a\000t\000h\000e\000m\000a\000t\000i\000c\000a\000l\000\040\000P\000r\000o\000o\000f}{subsection.5.4}% 19
\BOOKMARK [3][-]{subsubsection.5.4.6}{\376\377\000P\000l\000o\000t\000t\000i\000n\000g\000\040\000u\000s\000i\000g\000\040\000L\000T\000s\000p\000i\000c\000e}{subsection.5.4}% 20
\BOOKMARK [1][-]{section.6}{\376\377\000C\000a\000s\000e\000\040\000I\000I\000\040\000:\000\040\000\040\000R\000C\000\040\000T\000\040}{}% 21
\BOOKMARK [2][-]{subsection.6.1}{\376\377\000D\000i\000a\000g\000r\000a\000m}{section.6}% 22
\BOOKMARK [2][-]{subsection.6.2}{\376\377\000I\000n\000p\000u\000t\000\040\000S\000i\000g\000n\000a\000l}{section.6}% 23
\BOOKMARK [2][-]{subsection.6.3}{\376\377\000I\000n\000p\000u\000t\000\040\000P\000a\000r\000a\000m\000e\000t\000e\000r\000s}{section.6}% 24
\BOOKMARK [2][-]{subsection.6.4}{\376\377\000O\000b\000s\000e\000r\000v\000a\000t\000i\000o\000n\000s}{section.6}% 25
\BOOKMARK [3][-]{subsubsection.6.4.1}{\376\377\000C\000o\000n\000t\000i\000n\000u\000o\000u\000s\000\040\000W\000a\000v\000e\000f\000o\000r\000m}{subsection.6.4}% 26
\BOOKMARK [3][-]{subsubsection.6.4.2}{\376\377\000P\000l\000o\000t\000t\000i\000n\000g\000\040\000u\000s\000i\000n\000g\000\040\000L\000T\000s\000p\000i\000c\000e}{subsection.6.4}% 27
\BOOKMARK [3][-]{subsubsection.6.4.3}{\376\377\000V\000e\000r\000i\000f\000i\000c\000a\000t\000i\000o\000n\000\040\000u\000s\000i\000n\000g\000\040\000p\000y\000t\000h\000o\000n}{subsection.6.4}% 28
\BOOKMARK [3][-]{subsubsection.6.4.4}{\376\377\000S\000i\000n\000g\000l\000e\000\040\000W\000a\000v\000e\000f\000o\000r\000m}{subsection.6.4}% 29
\BOOKMARK [3][-]{subsubsection.6.4.5}{\376\377\000M\000a\000t\000h\000e\000m\000a\000t\000i\000c\000a\000l\000\040\000P\000r\000o\000o\000f}{subsection.6.4}% 30
\BOOKMARK [1][-]{section.7}{\376\377\000C\000a\000s\000e\000\040\000I\000I\000I\000\040\000:\000\040\000R\000C\000\040\000T}{}% 31
\BOOKMARK [2][-]{subsection.7.1}{\376\377\000D\000i\000a\000g\000r\000a\000m}{section.7}% 32
\BOOKMARK [2][-]{subsection.7.2}{\376\377\000I\000n\000p\000u\000t\000\040\000s\000i\000g\000n\000a\000l}{section.7}% 33
\BOOKMARK [2][-]{subsection.7.3}{\376\377\000I\000n\000p\000u\000t\000\040\000p\000a\000r\000a\000m\000e\000t\000e\000r\000s}{section.7}% 34
\BOOKMARK [2][-]{subsection.7.4}{\376\377\000O\000b\000s\000e\000r\000v\000a\000t\000i\000o\000n\000s}{section.7}% 35
\BOOKMARK [3][-]{subsubsection.7.4.1}{\376\377\000C\000o\000n\000t\000i\000n\000u\000o\000u\000s\000\040\000W\000a\000v\000e\000f\000o\000r\000m}{subsection.7.4}% 36
\BOOKMARK [3][-]{subsubsection.7.4.2}{\376\377\000P\000l\000o\000t\000t\000i\000n\000g\000\040\000u\000s\000i\000n\000g\000\040\000L\000T\000s\000p\000i\000c\000e}{subsection.7.4}% 37
\BOOKMARK [3][-]{subsubsection.7.4.3}{\376\377\000V\000e\000r\000i\000f\000i\000c\000a\000t\000i\000o\000n\000\040\000u\000s\000i\000n\000g\000\040\000P\000y\000t\000h\000o\000n}{subsection.7.4}% 38
\BOOKMARK [3][-]{subsubsection.7.4.4}{\376\377\000S\000i\000n\000g\000l\000e\000\040\000W\000a\000v\000e\000f\000o\000r\000m}{subsection.7.4}% 39
\BOOKMARK [3][-]{subsubsection.7.4.5}{\376\377\000M\000a\000t\000h\000e\000m\000a\000t\000i\000c\000a\000l\000\040\000P\000r\000o\000o\000f}{subsection.7.4}% 40
\BOOKMARK [3][-]{subsubsection.7.4.6}{\376\377\000P\000l\000o\000t\000t\000i\000n\000g\000\040\000u\000s\000i\000n\000g\000\040\000L\000T\000s\000p\000i\000c\000e}{subsection.7.4}% 41
